<?xml version="1.0" encoding="UTF-8"?>
<testng-results ignored="0" total="3" passed="3" failed="0" skipped="0">
  <reporter-output>
  </reporter-output>
  <suite started-at="2022-09-01T22:01:03 IST" name="Suite" finished-at="2022-09-01T22:01:50 IST" duration-ms="46933">
    <groups>
    </groups>
    <test started-at="2022-09-01T22:01:03 IST" name="Test" finished-at="2022-09-01T22:01:50 IST" duration-ms="46933">
      <class name="amazon.SearchAndOrder">
        <test-method signature="open()[pri:0, instance:amazon.SearchAndOrder@52e6fdee]" started-at="2022-09-01T22:01:03 IST" name="open" finished-at="2022-09-01T22:01:07 IST" duration-ms="3642" status="PASS">
          <reporter-output>
          </reporter-output>
        </test-method> <!-- open -->
        <test-method signature="in()[pri:0, instance:amazon.SearchAndOrder@52e6fdee]" started-at="2022-09-01T22:01:07 IST" name="in" finished-at="2022-09-01T22:01:08 IST" duration-ms="1905" status="PASS">
          <reporter-output>
          </reporter-output>
        </test-method> <!-- in -->
        <test-method signature="order()[pri:0, instance:amazon.SearchAndOrder@52e6fdee]" started-at="2022-09-01T22:01:08 IST" name="order" finished-at="2022-09-01T22:01:50 IST" duration-ms="41351" status="PASS">
          <reporter-output>
          </reporter-output>
        </test-method> <!-- order -->
      </class> <!-- amazon.SearchAndOrder -->
    </test> <!-- Test -->
  </suite> <!-- Suite -->
</testng-results>
